Flow report for ProjetoB5quarta
Wed Jun 14 17:53:33 2023
Quartus Prime Version 20.1.1 Build 720 11/11/2020 SJ Lite Edition


---------------------
; Table of Contents ;
---------------------
  1. Legal Notice
  2. Flow Summary
  3. Flow Settings
  4. Flow Non-Default Global Settings
  5. Flow Elapsed Time
  6. Flow OS Summary
  7. Flow Log
  8. Flow Messages
  9. Flow Suppressed Messages



----------------
; Legal Notice ;
----------------
Copyright (C) 2020  Intel Corporation. All rights reserved.
Your use of Intel Corporation's design tools, logic functions 
and other software and tools, and any partner logic 
functions, and any output files from any of the foregoing 
(including device programming or simulation files), and any 
associated documentation or information are expressly subject 
to the terms and conditions of the Intel Program License 
Subscription Agreement, the Intel Quartus Prime License Agreement,
the Intel FPGA IP License Agreement, or other applicable license
agreement, including, without limitation, that your use is for
the sole purpose of programming logic devices manufactured by
Intel and sold by Intel or its authorized distributors.  Please
refer to the applicable agreement for further details, at
https://fpgasoftware.intel.com/eula.



+-------------------------------------------------------------------------------+
; Flow Summary                                                                  ;
+---------------------------------+---------------------------------------------+
; Flow Status                     ; Successful - Wed Jun 14 17:53:16 2023       ;
; Quartus Prime Version           ; 20.1.1 Build 720 11/11/2020 SJ Lite Edition ;
; Revision Name                   ; ProjetoB5quarta                             ;
; Top-level Entity Name           ; Toplevel                                    ;
; Family                          ; Cyclone V                                   ;
; Device                          ; 5CEBA4F23C7                                 ;
; Timing Models                   ; Final                                       ;
; Logic utilization (in ALMs)     ; 676 / 18,480 ( 4 % )                        ;
; Total registers                 ; 1179                                        ;
; Total pins                      ; 127 / 224 ( 57 % )                          ;
; Total virtual pins              ; 0                                           ;
; Total block memory bits         ; 1,081,344 / 3,153,920 ( 34 % )              ;
; Total DSP Blocks                ; 0 / 66 ( 0 % )                              ;
; Total HSSI RX PCSs              ; 0                                           ;
; Total HSSI PMA RX Deserializers ; 0                                           ;
; Total HSSI TX PCSs              ; 0                                           ;
; Total HSSI PMA TX Serializers   ; 0                                           ;
; Total PLLs                      ; 1 / 4 ( 25 % )                              ;
; Total DLLs                      ; 0 / 4 ( 0 % )                               ;
+---------------------------------+---------------------------------------------+


+-----------------------------------------+
; Flow Settings                           ;
+-------------------+---------------------+
; Option            ; Setting             ;
+-------------------+---------------------+
; Start date & time ; 06/14/2023 17:51:29 ;
; Main task         ; Compilation         ;
; Revision Name     ; ProjetoB5quarta     ;
+-------------------+---------------------+


+----------------------------------------------------------------------------------------------------------------------------------------------------------------------+
; Flow Non-Default Global Settings                                                                                                                                     ;
+-------------------------------------+--------------------------------------------------------+--------------------------------------+-------------+------------------+
; Assignment Name                     ; Value                                                  ; Default Value                        ; Entity Name ; Section Id       ;
+-------------------------------------+--------------------------------------------------------+--------------------------------------+-------------+------------------+
; COMPILER_SIGNATURE_ID               ; 964693465050.168677588912724                           ; --                                   ; --          ; --               ;
; ENABLE_SIGNALTAP                    ; On                                                     ; --                                   ; --          ; --               ;
; MAX_CORE_JUNCTION_TEMP              ; 85                                                     ; --                                   ; --          ; --               ;
; MIN_CORE_JUNCTION_TEMP              ; 0                                                      ; --                                   ; --          ; --               ;
; MISC_FILE                           ; ClockVGA.cmp                                           ; --                                   ; --          ; --               ;
; MISC_FILE                           ; ClockVGA_sim/ClockVGA.vho                              ; --                                   ; --          ; --               ;
; MISC_FILE                           ; Ram_SD.cmp                                             ; --                                   ; --          ; --               ;
; MISC_FILE                           ; FIFO_16x1K.cmp                                         ; --                                   ; --          ; --               ;
; NUM_PARALLEL_PROCESSORS             ; 3                                                      ; --                                   ; --          ; --               ;
; PARTITION_COLOR                     ; -- (Not supported for targeted family)                 ; --                                   ; Toplevel    ; Top              ;
; PARTITION_FITTER_PRESERVATION_LEVEL ; -- (Not supported for targeted family)                 ; --                                   ; Toplevel    ; Top              ;
; PARTITION_NETLIST_TYPE              ; -- (Not supported for targeted family)                 ; --                                   ; Toplevel    ; Top              ;
; POWER_BOARD_THERMAL_MODEL           ; None (CONSERVATIVE)                                    ; --                                   ; --          ; --               ;
; POWER_PRESET_COOLING_SOLUTION       ; 23 MM HEAT SINK WITH 200 LFPM AIRFLOW                  ; --                                   ; --          ; --               ;
; PROJECT_IP_REGENERATION_POLICY      ; ALWAYS_REGENERATE_IP                                   ; SKIP_REGENERATING_IP_IF_HDL_MODIFIED ; --          ; --               ;
; PROJECT_OUTPUT_DIRECTORY            ; output_files                                           ; --                                   ; --          ; --               ;
; SLD_FILE                            ; db/stp1_auto_stripped.stp                              ; --                                   ; --          ; --               ;
; SLD_NODE_CREATOR_ID                 ; 110                                                    ; --                                   ; --          ; auto_signaltap_0 ;
; SLD_NODE_ENTITY_NAME                ; sld_signaltap                                          ; --                                   ; --          ; auto_signaltap_0 ;
; SLD_NODE_PARAMETER_ASSIGNMENT       ; SLD_RAM_BLOCK_TYPE=AUTO                                ; --                                   ; --          ; auto_signaltap_0 ;
; SLD_NODE_PARAMETER_ASSIGNMENT       ; SLD_NODE_INFO=805334528                                ; --                                   ; --          ; auto_signaltap_0 ;
; SLD_NODE_PARAMETER_ASSIGNMENT       ; SLD_POWER_UP_TRIGGER=0                                 ; --                                   ; --          ; auto_signaltap_0 ;
; SLD_NODE_PARAMETER_ASSIGNMENT       ; SLD_ATTRIBUTE_MEM_MODE=OFF                             ; --                                   ; --          ; auto_signaltap_0 ;
; SLD_NODE_PARAMETER_ASSIGNMENT       ; SLD_STATE_FLOW_USE_GENERATED=0                         ; --                                   ; --          ; auto_signaltap_0 ;
; SLD_NODE_PARAMETER_ASSIGNMENT       ; SLD_STATE_BITS=11                                      ; --                                   ; --          ; auto_signaltap_0 ;
; SLD_NODE_PARAMETER_ASSIGNMENT       ; SLD_BUFFER_FULL_STOP=1                                 ; --                                   ; --          ; auto_signaltap_0 ;
; SLD_NODE_PARAMETER_ASSIGNMENT       ; SLD_CURRENT_RESOURCE_WIDTH=1                           ; --                                   ; --          ; auto_signaltap_0 ;
; SLD_NODE_PARAMETER_ASSIGNMENT       ; SLD_INCREMENTAL_ROUTING=1                              ; --                                   ; --          ; auto_signaltap_0 ;
; SLD_NODE_PARAMETER_ASSIGNMENT       ; SLD_TRIGGER_LEVEL=1                                    ; --                                   ; --          ; auto_signaltap_0 ;
; SLD_NODE_PARAMETER_ASSIGNMENT       ; SLD_TRIGGER_IN_ENABLED=0                               ; --                                   ; --          ; auto_signaltap_0 ;
; SLD_NODE_PARAMETER_ASSIGNMENT       ; SLD_TRIGGER_PIPELINE=0                                 ; --                                   ; --          ; auto_signaltap_0 ;
; SLD_NODE_PARAMETER_ASSIGNMENT       ; SLD_COUNTER_PIPELINE=0                                 ; --                                   ; --          ; auto_signaltap_0 ;
; SLD_NODE_PARAMETER_ASSIGNMENT       ; SLD_ADVANCED_TRIGGER_ENTITY=basic,1,                   ; --                                   ; --          ; auto_signaltap_0 ;
; SLD_NODE_PARAMETER_ASSIGNMENT       ; SLD_TRIGGER_LEVEL_PIPELINE=1                           ; --                                   ; --          ; auto_signaltap_0 ;
; SLD_NODE_PARAMETER_ASSIGNMENT       ; SLD_ENABLE_ADVANCED_TRIGGER=0                          ; --                                   ; --          ; auto_signaltap_0 ;
; SLD_NODE_PARAMETER_ASSIGNMENT       ; SLD_TRIGGER_BITS=1                                     ; --                                   ; --          ; auto_signaltap_0 ;
; SLD_NODE_PARAMETER_ASSIGNMENT       ; SLD_RAM_PIPELINE=1                                     ; --                                   ; --          ; auto_signaltap_0 ;
; SLD_NODE_PARAMETER_ASSIGNMENT       ; SLD_DATA_BITS=7                                        ; --                                   ; --          ; auto_signaltap_0 ;
; SLD_NODE_PARAMETER_ASSIGNMENT       ; SLD_STORAGE_QUALIFIER_BITS=7                           ; --                                   ; --          ; auto_signaltap_0 ;
; SLD_NODE_PARAMETER_ASSIGNMENT       ; SLD_INVERSION_MASK=00000000000000000000000000000000000 ; --                                   ; --          ; auto_signaltap_0 ;
; SLD_NODE_PARAMETER_ASSIGNMENT       ; SLD_INVERSION_MASK_LENGTH=35                           ; --                                   ; --          ; auto_signaltap_0 ;
; SLD_NODE_PARAMETER_ASSIGNMENT       ; SLD_STORAGE_QUALIFIER_INVERSION_MASK_LENGTH=1          ; --                                   ; --          ; auto_signaltap_0 ;
; SLD_NODE_PARAMETER_ASSIGNMENT       ; SLD_SEGMENT_SIZE=131072                                ; --                                   ; --          ; auto_signaltap_0 ;
; SLD_NODE_PARAMETER_ASSIGNMENT       ; SLD_STORAGE_QUALIFIER_GAP_RECORD=1                     ; --                                   ; --          ; auto_signaltap_0 ;
; SLD_NODE_PARAMETER_ASSIGNMENT       ; SLD_STORAGE_QUALIFIER_MODE=PORT                        ; --                                   ; --          ; auto_signaltap_0 ;
; SLD_NODE_PARAMETER_ASSIGNMENT       ; SLD_SAMPLE_DEPTH=131072                                ; --                                   ; --          ; auto_signaltap_0 ;
; SPD_FILE                            ; ClockVGA.spd                                           ; --                                   ; --          ; --               ;
; SYNTHESIS_ONLY_QIP                  ; On                                                     ; --                                   ; --          ; --               ;
; TOP_LEVEL_ENTITY                    ; Toplevel                                               ; ProjetoB5quarta                      ; --          ; --               ;
; USE_SIGNALTAP_FILE                  ; output_files/stp1.stp                                  ; --                                   ; --          ; --               ;
+-------------------------------------+--------------------------------------------------------+--------------------------------------+-------------+------------------+


+--------------------------------------------------------------------------------------------------------------------------+
; Flow Elapsed Time                                                                                                        ;
+----------------------+--------------+-------------------------+---------------------+------------------------------------+
; Module Name          ; Elapsed Time ; Average Processors Used ; Peak Virtual Memory ; Total CPU Time (on all processors) ;
+----------------------+--------------+-------------------------+---------------------+------------------------------------+
; Analysis & Synthesis ; 00:00:34     ; 1.0                     ; 4939 MB             ; 00:01:05                           ;
; Fitter               ; 00:01:00     ; 1.2                     ; 6255 MB             ; 00:01:51                           ;
; Assembler            ; 00:00:07     ; 1.0                     ; 4855 MB             ; 00:00:07                           ;
; Timing Analyzer      ; 00:00:15     ; 1.5                     ; 5160 MB             ; 00:00:23                           ;
; Total                ; 00:01:56     ; --                      ; --                  ; 00:03:26                           ;
+----------------------+--------------+-------------------------+---------------------+------------------------------------+


+------------------------------------------------------------------------------------+
; Flow OS Summary                                                                    ;
+----------------------+------------------+------------+------------+----------------+
; Module Name          ; Machine Hostname ; OS Name    ; OS Version ; Processor type ;
+----------------------+------------------+------------+------------+----------------+
; Analysis & Synthesis ; DESKTOP-D670JL6  ; Windows 10 ; 10.0       ; x86_64         ;
; Fitter               ; DESKTOP-D670JL6  ; Windows 10 ; 10.0       ; x86_64         ;
; Assembler            ; DESKTOP-D670JL6  ; Windows 10 ; 10.0       ; x86_64         ;
; Timing Analyzer      ; DESKTOP-D670JL6  ; Windows 10 ; 10.0       ; x86_64         ;
+----------------------+------------------+------------+------------+----------------+


------------
; Flow Log ;
------------
quartus_map --read_settings_files=on --write_settings_files=off ProjetoB5quarta -c ProjetoB5quarta
quartus_fit --read_settings_files=off --write_settings_files=off ProjetoB5quarta -c ProjetoB5quarta
quartus_asm --read_settings_files=off --write_settings_files=off ProjetoB5quarta -c ProjetoB5quarta
quartus_sta ProjetoB5quarta -c ProjetoB5quarta



